<?xml version="1.0" encoding="UTF-8"?>
<!-- Generated by org.testng.reporters.JUnitReportReporter -->
<testsuite hostname="LAPTOP-5KMFOFH9" failures="0" tests="2" name="httpMethods.GetRequestBasic" time="2.886" errors="0" timestamp="2023-10-29T16:03:39 IST" skipped="0">
  <testcase classname="httpMethods.GetRequestBasic" name="firstGetRequest" time="2.598"/>
  <system-out/>
  <testcase classname="httpMethods.GetRequestBasic" name="getRequest2" time="0.288"/>
  <system-out/>
</testsuite> <!-- httpMethods.GetRequestBasic -->
