<?xml version="1.0" encoding="UTF-8"?>
<!-- Generated by org.testng.reporters.JUnitReportReporter -->
<testsuite hostname="LAPTOP-5KMFOFH9" failures="0" tests="8" name="jsondataSchemaValidation.JsonDataValidation" time="2.598" errors="0" timestamp="2023-03-31T12:14:34 IST" skipped="0">
  <testcase classname="jsondataSchemaValidation.JsonDataValidation" name="validateJsonTest1" time="2.201"/>
  <system-out/>
  <testcase classname="jsondataSchemaValidation.JsonDataValidation" name="validateJsonRequest2" time="0.095"/>
  <system-out/>
  <testcase classname="jsondataSchemaValidation.JsonDataValidation" name="validateJsonRequest3" time="0.064"/>
  <system-out/>
  <testcase classname="jsondataSchemaValidation.JsonDataValidation" name="totalBooks" time="0.065"/>
  <system-out/>
  <testcase classname="jsondataSchemaValidation.JsonDataValidation" name="getBooksName" time="0.039"/>
  <system-out/>
  <testcase classname="jsondataSchemaValidation.JsonDataValidation" name="getBooksNameWithPrice" time="0.045"/>
  <system-out/>
  <testcase classname="jsondataSchemaValidation.JsonDataValidation" name="getBooksNameSearch" time="0.043"/>
  <system-out/>
  <testcase classname="jsondataSchemaValidation.JsonDataValidation" name="calculateTotalPriceOfBooks" time="0.046"/>
  <system-out/>
</testsuite> <!-- jsondataSchemaValidation.JsonDataValidation -->
