<?xml version="1.0" encoding="UTF-8"?>
<!-- Generated by org.testng.reporters.JUnitReportReporter -->
<testsuite hostname="LAPTOP-5KMFOFH9" failures="0" tests="2" name="httpMethods.ValidateStudentJson" time="3.328" errors="0" timestamp="2023-03-30T18:36:57 IST" skipped="0">
  <testcase classname="httpMethods.ValidateStudentJson" name="getStudentId" time="3.219"/>
  <system-out/>
  <testcase classname="httpMethods.ValidateStudentJson" name="postUsingJsonLibrary" time="0.109"/>
  <system-out/>
</testsuite> <!-- httpMethods.ValidateStudentJson -->
