<?xml version="1.0" encoding="UTF-8"?>
<!-- Generated by org.testng.reporters.JUnitReportReporter -->
<testsuite hostname="LAPTOP-5KMFOFH9" failures="0" tests="2" name="jsondataSchemaValidation.JsonSchemaValidation" time="2.401" errors="0" timestamp="2023-03-31T12:39:45 IST" skipped="0">
  <testcase classname="jsondataSchemaValidation.JsonSchemaValidation" name="jsonSchemaTest" time="2.026"/>
  <system-out/>
  <testcase classname="jsondataSchemaValidation.JsonSchemaValidation" name="xmlSchemaValidation" time="0.375"/>
  <system-out/>
</testsuite> <!-- jsondataSchemaValidation.JsonSchemaValidation -->
