<?xml version="1.0" encoding="UTF-8"?>
<!-- Generated by org.testng.reporters.JUnitReportReporter -->
<testsuite hostname="LAPTOP-5KMFOFH9" failures="0" tests="1" name="httpMethods.PostRequestUsingPOJO" time="3.515" errors="0" timestamp="2023-03-30T18:53:16 IST" skipped="0">
  <testcase classname="httpMethods.PostRequestUsingPOJO" name="postRequest" time="3.515"/>
  <system-out/>
</testsuite> <!-- httpMethods.PostRequestUsingPOJO -->
