<?xml version="1.0" encoding="UTF-8"?>
<!-- Generated by org.testng.reporters.JUnitReportReporter -->
<testsuite hostname="LAPTOP-5KMFOFH9" failures="0" tests="4" name="httpMethods.HttpRequestPOSTPUTDELETE" time="5.600" errors="0" timestamp="2023-03-30T17:18:51 IST" skipped="0">
  <testcase classname="httpMethods.HttpRequestPOSTPUTDELETE" name="postRequest" time="3.142"/>
  <system-out/>
  <testcase classname="httpMethods.HttpRequestPOSTPUTDELETE" name="createUser" time="1.359"/>
  <system-out/>
  <testcase classname="httpMethods.HttpRequestPOSTPUTDELETE" name="updateSameUser" time="0.672"/>
  <system-out/>
  <testcase classname="httpMethods.HttpRequestPOSTPUTDELETE" name="sameUserDelete" time="0.427"/>
  <system-out/>
</testsuite> <!-- httpMethods.HttpRequestPOSTPUTDELETE -->
