<?xml version="1.0" encoding="UTF-8"?>
<!-- Generated by org.testng.reporters.JUnitReportReporter -->
<testsuite hostname="LAPTOP-5KMFOFH9" failures="0" tests="5" name="jsondataSchemaValidation.AuthenticationTest" time="8.407" errors="0" timestamp="2023-03-31T15:27:39 IST" skipped="0">
  <testcase classname="jsondataSchemaValidation.AuthenticationTest" name="BasicAuthenticationTest" time="3.840"/>
  <system-out/>
  <testcase classname="jsondataSchemaValidation.AuthenticationTest" name="digestAuthenticationTest" time="1.450"/>
  <system-out/>
  <testcase classname="jsondataSchemaValidation.AuthenticationTest" name="preemtiveAuthenticationTest" time="1.219"/>
  <system-out/>
  <testcase classname="jsondataSchemaValidation.AuthenticationTest" name="bearerTokenTest" time="1.241"/>
  <system-out/>
  <testcase classname="jsondataSchemaValidation.AuthenticationTest" name="OAuth2Authentication" time="0.657"/>
  <system-out/>
</testsuite> <!-- jsondataSchemaValidation.AuthenticationTest -->
