<?xml version="1.0" encoding="UTF-8"?>
<!-- Generated by org.testng.reporters.JUnitReportReporter -->
<testsuite hostname="LAPTOP-5KMFOFH9" failures="0" tests="2" name="httpMethods.HeadersValidation" time="2.692" errors="0" timestamp="2023-03-31T11:01:57 IST" skipped="0">
  <testcase classname="httpMethods.HeadersValidation" name="getAllHeaders" time="2.162"/>
  <system-out/>
  <testcase classname="httpMethods.HeadersValidation" name="getHeadersInfo" time="0.530"/>
  <system-out/>
</testsuite> <!-- httpMethods.HeadersValidation -->
