<?xml version="1.0" encoding="UTF-8"?>
<!-- Generated by org.testng.reporters.JUnitReportReporter -->
<testsuite hostname="LAPTOP-5KMFOFH9" failures="0" tests="1" name="jsondataSchemaValidation.SerializationandDeserialization" time="0.285" errors="0" timestamp="2023-03-31T14:28:58 IST" skipped="0">
  <testcase classname="jsondataSchemaValidation.SerializationandDeserialization" name="deserializationTest" time="0.285"/>
  <system-out/>
</testsuite> <!-- jsondataSchemaValidation.SerializationandDeserialization -->
