<?xml version="1.0" encoding="UTF-8"?>
<!-- Generated by org.testng.reporters.JUnitReportReporter -->
<testsuite hostname="LAPTOP-5KMFOFH9" failures="0" tests="1" name="httpMethods.QueryandPathParameterPassing" time="1.860" errors="0" timestamp="2023-03-31T10:25:19 IST" skipped="0">
  <testcase classname="httpMethods.QueryandPathParameterPassing" name="passingQueryandPathParam" time="1.860"/>
  <system-out/>
</testsuite> <!-- httpMethods.QueryandPathParameterPassing -->
